==24940== Cachegrind, a cache and branch-prediction profiler
==24940== Copyright (C) 2002-2017, and GNU GPL'd, by Nicholas Nethercote et al.
==24940== Using Valgrind-3.15.0 and LibVEX; rerun with -h for copyright info
==24940== Command: ./hadamard
==24940== 
Time spent for hadamard_v1: 16.980000 s
Time spent for hadamard_v2: 38.490000 s
==24940== 
==24940== I   refs:      4,400,248,849
==24940== I1  misses:              901
==24940== LLi misses:              898
==24940== I1  miss rate:          0.00%
==24940== LLi miss rate:          0.00%
==24940== 
==24940== D   refs:      2,800,123,275  (2,600,088,599 rd   + 200,034,676 wr)
==24940== D1  misses:      318,751,977  (  212,501,406 rd   + 106,250,571 wr)
==24940== LLd misses:       37,501,601  (   25,001,112 rd   +  12,500,489 wr)
==24940== D1  miss rate:          11.4% (          8.2%     +        53.1%  )
==24940== LLd miss rate:           1.3% (          1.0%     +         6.2%  )
==24940== 
==24940== LL refs:         318,752,878  (  212,502,307 rd   + 106,250,571 wr)
==24940== LL misses:        37,502,499  (   25,002,010 rd   +  12,500,489 wr)
==24940== LL miss rate:            0.5% (          0.4%     +         6.2%  )
==25500== Memcheck, a memory error detector
==25500== Copyright (C) 2002-2017, and GNU GPL'd, by Julian Seward et al.
==25500== Using Valgrind-3.15.0 and LibVEX; rerun with -h for copyright info
==25500== Command: perf stat -e cache-references,cache-misses ./hadamard_v1
==25500== 
Time spent for hadamard_v1: 0.740000 s

 Performance counter stats for './hadamard_v1':

        18,736,112      cache-references:u                                          
            38,933      cache-misses:u            #    0.208 % of all cache refs    

       0.762998743 seconds time elapsed

       0.607001000 seconds user
       0.158000000 seconds sys


==25500== 
==25500== HEAP SUMMARY:
==25500==     in use at exit: 364,238 bytes in 7,182 blocks
==25500==   total heap usage: 42,789 allocs, 35,607 frees, 9,744,338 bytes allocated
==25500== 
==25500== LEAK SUMMARY:
==25500==    definitely lost: 44 bytes in 2 blocks
==25500==    indirectly lost: 0 bytes in 0 blocks
==25500==      possibly lost: 344,640 bytes in 7,109 blocks
==25500==    still reachable: 19,554 bytes in 71 blocks
==25500==         suppressed: 0 bytes in 0 blocks
==25500== Rerun with --leak-check=full to see details of leaked memory
==25500== 
==25500== For lists of detected and suppressed errors, rerun with: -s
==25500== ERROR SUMMARY: 0 errors from 0 contexts (suppressed: 0 from 0)
==25504== Memcheck, a memory error detector
==25504== Copyright (C) 2002-2017, and GNU GPL'd, by Julian Seward et al.
==25504== Using Valgrind-3.15.0 and LibVEX; rerun with -h for copyright info
==25504== Command: perf stat -e cache-references,cache-misses ./hadamard_v2
==25504== 
Time spent for hadamard_v1: 1.810000 s

 Performance counter stats for './hadamard_v2':

       300,876,639      cache-references:u                                          
         6,417,098      cache-misses:u            #    2.133 % of all cache refs    

       1.817857838 seconds time elapsed

       1.661308000 seconds user
       0.168031000 seconds sys


==25504== 
==25504== HEAP SUMMARY:
==25504==     in use at exit: 364,238 bytes in 7,182 blocks
==25504==   total heap usage: 42,789 allocs, 35,607 frees, 9,744,338 bytes allocated
==25504== 
==25504== LEAK SUMMARY:
==25504==    definitely lost: 44 bytes in 2 blocks
==25504==    indirectly lost: 0 bytes in 0 blocks
==25504==      possibly lost: 344,640 bytes in 7,109 blocks
==25504==    still reachable: 19,554 bytes in 71 blocks
==25504==         suppressed: 0 bytes in 0 blocks
==25504== Rerun with --leak-check=full to see details of leaked memory
==25504== 
==25504== For lists of detected and suppressed errors, rerun with: -s
==25504== ERROR SUMMARY: 0 errors from 0 contexts (suppressed: 0 from 0)
n003.intern.lcc2
